<?xml version="1.0" encoding="UTF-8"?>
<!-- Generated by org.testng.reporters.JUnitReportReporter -->
<testsuite skipped="0" hostname="DESKTOP-1DQHH5O" name="com.jakartalabs.fullstack_automation.APITests" tests="1" failures="0" timestamp="13 Mar 2021 06:56:26 GMT" time="7.993" errors="0">
  <testcase name="testloginAPIWithIncorrectCredentials" time="7.993" classname="com.jakartalabs.fullstack_automation.APITests"/>
</testsuite> <!-- com.jakartalabs.fullstack_automation.APITests -->
