<?xml version="1.0" encoding="UTF-8"?>
<!-- Generated by org.testng.reporters.JUnitReportReporter -->
<testsuite skipped="0" hostname="DESKTOP-1DQHH5O" name="com.jakartalabs.fullstack_automation.WebTests" tests="1" failures="0" timestamp="13 Mar 2021 09:44:59 GMT" time="31.439" errors="0">
  <testcase name="login" time="31.439" classname="com.jakartalabs.fullstack_automation.WebTests"/>
</testsuite> <!-- com.jakartalabs.fullstack_automation.WebTests -->
